0 info it worked if it ends with ok
1 verbose cli [ '/usr/bin/nodejs', '/usr/bin/npm', 'run', 'static-serve' ]
2 info using npm@3.5.2
3 info using node@v4.2.6
4 verbose run-script [ 'prestatic-serve', 'static-serve', 'poststatic-serve' ]
5 info lifecycle loc8r@0.0.1~prestatic-serve: loc8r@0.0.1
6 silly lifecycle loc8r@0.0.1~prestatic-serve: no script for prestatic-serve, continuing
7 info lifecycle loc8r@0.0.1~static-serve: loc8r@0.0.1
8 verbose lifecycle loc8r@0.0.1~static-serve: unsafe-perm in lifecycle true
9 verbose lifecycle loc8r@0.0.1~static-serve: PATH: /usr/share/npm/bin/node-gyp-bin:/home/grace/Projects/loc8r/node_modules/.bin:/home/grace/bin:/home/grace/.local/bin:/usr/local/sbin:/usr/local/bin:/usr/sbin:/usr/bin:/sbin:/bin:/usr/games:/usr/local/games:/usr/lib/gmt/bin:/opt/rasdaman//bin:/opt/rasdaman//bin
10 verbose lifecycle loc8r@0.0.1~static-serve: CWD: /home/grace/Projects/loc8r
11 silly lifecycle loc8r@0.0.1~static-serve: Args: [ '-c',
11 silly lifecycle   'cd dist && live-server --port=4200 --host=localhost --entry-file=/index.html' ]
12 silly lifecycle loc8r@0.0.1~static-serve: Returned: code: 2  signal: null
13 info lifecycle loc8r@0.0.1~static-serve: Failed to exec static-serve script
14 verbose stack Error: loc8r@0.0.1 static-serve: `cd dist && live-server --port=4200 --host=localhost --entry-file=/index.html`
14 verbose stack Exit status 2
14 verbose stack     at EventEmitter.<anonymous> (/usr/share/npm/lib/utils/lifecycle.js:232:16)
14 verbose stack     at emitTwo (events.js:87:13)
14 verbose stack     at EventEmitter.emit (events.js:172:7)
14 verbose stack     at ChildProcess.<anonymous> (/usr/share/npm/lib/utils/spawn.js:24:14)
14 verbose stack     at emitTwo (events.js:87:13)
14 verbose stack     at ChildProcess.emit (events.js:172:7)
14 verbose stack     at maybeClose (internal/child_process.js:821:16)
14 verbose stack     at Process.ChildProcess._handle.onexit (internal/child_process.js:211:5)
15 verbose pkgid loc8r@0.0.1
16 verbose cwd /home/grace/Projects/loc8r
17 error Linux 4.10.0-35-generic
18 error argv "/usr/bin/nodejs" "/usr/bin/npm" "run" "static-serve"
19 error node v4.2.6
20 error npm  v3.5.2
21 error code ELIFECYCLE
22 error loc8r@0.0.1 static-serve: `cd dist && live-server --port=4200 --host=localhost --entry-file=/index.html`
22 error Exit status 2
23 error Failed at the loc8r@0.0.1 static-serve script 'cd dist && live-server --port=4200 --host=localhost --entry-file=/index.html'.
23 error Make sure you have the latest version of node.js and npm installed.
23 error If you do, this is most likely a problem with the loc8r package,
23 error not with npm itself.
23 error Tell the author that this fails on your system:
23 error     cd dist && live-server --port=4200 --host=localhost --entry-file=/index.html
23 error You can get information on how to open an issue for this project with:
23 error     npm bugs loc8r
23 error Or if that isn't available, you can get their info via:
23 error     npm owner ls loc8r
23 error There is likely additional logging output above.
24 verbose exit [ 1, true ]
